-Xlint:ignore
-1.8
-encoding
UTF-8
-showWeaveInfo
-source
1.8
-target
1.8
-verbose
-classpath
/home/alex/.m2/repository/org/springframework/spring-context/4.0.2.RELEASE/spring-context-4.0.2.RELEASE.jar:/home/alex/.m2/repository/org/springframework/spring-aop/4.0.2.RELEASE/spring-aop-4.0.2.RELEASE.jar:/home/alex/.m2/repository/org/slf4j/slf4j-simple/1.7.21/slf4j-simple-1.7.21.jar:/home/alex/.m2/repository/org/aspectj/aspectjrt/1.8.9/aspectjrt-1.8.9.jar:/home/alex/.m2/repository/org/aspectj/aspectjweaver/1.8.9/aspectjweaver-1.8.9.jar:/home/alex/.m2/repository/org/springframework/spring-beans/4.0.2.RELEASE/spring-beans-4.0.2.RELEASE.jar:/home/alex/.m2/repository/org/springframework/spring-core/4.0.2.RELEASE/spring-core-4.0.2.RELEASE.jar:/home/alex/.m2/repository/commons-logging/commons-logging/1.1.3/commons-logging-1.1.3.jar:/home/alex/.m2/repository/org/springframework/spring-expression/4.0.2.RELEASE/spring-expression-4.0.2.RELEASE.jar:/home/alex/.m2/repository/aopalliance/aopalliance/1.0/aopalliance-1.0.jar:/home/alex/.m2/repository/org/slf4j/slf4j-api/1.7.21/slf4j-api-1.7.21.jar:/home/alex/Documentos/IISS/iiss-ejercicios-java/docs/src/ejercicio-aspectj-plantilla/target/classes
-d
/home/alex/Documentos/IISS/iiss-ejercicios-java/docs/src/ejercicio-aspectj-plantilla/target/classes
/home/alex/Documentos/IISS/iiss-ejercicios-java/docs/src/ejercicio-aspectj-plantilla/src/main/java/Main.java
/home/alex/Documentos/IISS/iiss-ejercicios-java/docs/src/ejercicio-aspectj-plantilla/src/main/java/org/baeldung/aspectj/SecuredMethod.java
/home/alex/Documentos/IISS/iiss-ejercicios-java/docs/src/ejercicio-aspectj-plantilla/src/main/java/org/baeldung/aspectj/SecuredMethodAspect.java
/home/alex/Documentos/IISS/iiss-ejercicios-java/docs/src/ejercicio-aspectj-plantilla/src/main/java/org/baeldung/aspectj/AccountAspect.aj
/home/alex/Documentos/IISS/iiss-ejercicios-java/docs/src/ejercicio-aspectj-plantilla/src/main/java/org/baeldung/aspectj/Account.java
/home/alex/Documentos/IISS/iiss-ejercicios-java/docs/src/ejercicio-aspectj-plantilla/src/main/java/org/baeldung/aspectj/Secured.java
/home/alex/Documentos/IISS/iiss-ejercicios-java/docs/src/ejercicio-aspectj-plantilla/src/main/java/org/baeldung/logger/AdderAfterAspect.java
/home/alex/Documentos/IISS/iiss-ejercicios-java/docs/src/ejercicio-aspectj-plantilla/src/main/java/org/baeldung/logger/SampleAdder.java
/home/alex/Documentos/IISS/iiss-ejercicios-java/docs/src/ejercicio-aspectj-plantilla/src/main/java/org/baeldung/logger/AdderAfterReturnAspect.java
/home/alex/Documentos/IISS/iiss-ejercicios-java/docs/src/ejercicio-aspectj-plantilla/src/main/java/org/baeldung/logger/AdderAroundAspect.java
/home/alex/Documentos/IISS/iiss-ejercicios-java/docs/src/ejercicio-aspectj-plantilla/src/main/java/org/baeldung/logger/AdderAfterThrowAspect.java
/home/alex/Documentos/IISS/iiss-ejercicios-java/docs/src/ejercicio-aspectj-plantilla/src/main/java/org/baeldung/logger/AdderBeforeAspect.java
/home/alex/Documentos/IISS/iiss-ejercicios-java/docs/src/ejercicio-aspectj-plantilla/src/main/java/org/baeldung/performancemonitor/AopConfiguration.java
/home/alex/Documentos/IISS/iiss-ejercicios-java/docs/src/ejercicio-aspectj-plantilla/src/main/java/org/baeldung/performancemonitor/PerfomanceApp.java
/home/alex/Documentos/IISS/iiss-ejercicios-java/docs/src/ejercicio-aspectj-plantilla/src/main/java/org/baeldung/performancemonitor/Person.java
/home/alex/Documentos/IISS/iiss-ejercicios-java/docs/src/ejercicio-aspectj-plantilla/src/main/java/org/baeldung/performancemonitor/PersonService.java
/home/alex/Documentos/IISS/iiss-ejercicios-java/docs/src/ejercicio-aspectj-plantilla/src/main/java/org/baeldung/performancemonitor/MyPerformanceMonitorInterceptor.java
/home/alex/Documentos/IISS/iiss-ejercicios-java/docs/src/ejercicio-aspectj-plantilla/src/main/java/Main2.java
/home/alex/Documentos/IISS/iiss-ejercicios-java/docs/src/ejercicio-aspectj-plantilla/src/main/java/es/uca/iiss/aspectj/Bank.java
/home/alex/Documentos/IISS/iiss-ejercicios-java/docs/src/ejercicio-aspectj-plantilla/src/main/java/es/uca/iiss/aspectj/LoginAspect.aj
